<?xml version="1.0" encoding="UTF-8" standalone="no"?>
<testsuite errors="0" failures="0" name="io.cucumber.core.plugin.JUnitFormatter" skipped="0" tests="1" time="11.797">
    <testcase classname="Application Login" name="Home Page Default Login" time="11.393">
        <system-out><![CDATA[Given User is on home page of the application...............................passed
When User clicks on Sign In button..........................................passed
And Enter Email "testseleniumuser@mail.com" and Password "1234567"..........passed
And Click on Login button...................................................passed
Then User redirects on Pricing page.........................................passed
]]></system-out>
    </testcase>
</testsuite>
